<?xml version="1.0" encoding="UTF-8"?>
<testng-results skipped="0" failed="0" ignored="0" total="1" passed="1">
  <reporter-output>
  </reporter-output>
  <suite name="Surefire suite" duration-ms="7515" started-at="2018-09-15T23:52:13Z" finished-at="2018-09-15T23:52:20Z">
    <groups>
    </groups>
    <test name="Surefire test" duration-ms="7515" started-at="2018-09-15T23:52:13Z" finished-at="2018-09-15T23:52:20Z">
      <class name="Guru999.Guru999Project.TestBase">
        <test-method status="PASS" signature="setup()[pri:0, instance:Guru999.Guru999Project.TestBase@6aaa5eb0]" name="setup" is-config="true" duration-ms="5092" started-at="2018-09-15T23:52:13Z" finished-at="2018-09-15T23:52:18Z">
          <reporter-output>
          </reporter-output>
        </test-method> <!-- setup -->
        <test-method status="PASS" signature="test()[pri:0, instance:Guru999.Guru999Project.TestBase@6aaa5eb0]" name="test" duration-ms="313" started-at="2018-09-15T23:52:18Z" finished-at="2018-09-15T23:52:18Z">
          <reporter-output>
          </reporter-output>
        </test-method> <!-- test -->
        <test-method status="PASS" signature="teardown()[pri:0, instance:Guru999.Guru999Project.TestBase@6aaa5eb0]" name="teardown" is-config="true" duration-ms="2093" started-at="2018-09-15T23:52:18Z" finished-at="2018-09-15T23:52:20Z">
          <reporter-output>
          </reporter-output>
        </test-method> <!-- teardown -->
      </class> <!-- Guru999.Guru999Project.TestBase -->
    </test> <!-- Surefire test -->
  </suite> <!-- Surefire suite -->
</testng-results>
